<?xml version="1.0" encoding="UTF-8"?>
<robot generator="Robot 4.1 (Python 3.7.10 on linux)" generated="20210829 07:28:37.339" rpa="false" schemaversion="2">
   <suite id="s1" name="Invoice-Service" source="/home/ec2-user/jenkins_slave/workspace/101D Sandbox/TestPipeline/robot-automation/robot-test-automation/invoice-service">
      <suite id="s1-s1" name="TC 001 Invoice CRUD" source="/home/ec2-user/jenkins_slave/workspace/101D Sandbox/TestPipeline/robot-automation/robot-test-automation/invoice-service/TC_001_Invoice_CRUD.robot">
         <test id="s1-s1-t1" name="Set Base URL">
            <kw name="Set Base URL" library="common">
               <kw name="Log To Console" library="BuiltIn">
                  <arg>\nENVIRONMENT: ${ENV}</arg>
                  <doc>Logs the given message to the console.</doc>
                  <status status="PASS" starttime="20210829 07:28:37.868" endtime="20210829 07:28:37.869" />
               </kw>
               <kw name="Get From Dictionary" library="Collections">
                  <var>${apiBaseUrl}</var>
                  <arg>${base_url_config}</arg>
                  <arg>${ENV}</arg>
                  <doc>Returns a value from the given ``dictionary`` based on the given ``key``.</doc>
                  <msg timestamp="20210829 07:28:37.870" level="INFO">${apiBaseUrl} = https://sandbox.101digital.io</msg>
                  <status status="PASS" starttime="20210829 07:28:37.869" endtime="20210829 07:28:37.870" />
               </kw>
               <kw name="Set Suite Variable" library="BuiltIn">
                  <arg>${base_url}</arg>
                  <arg>${apiBaseUrl}</arg>
                  <doc>Makes a variable available everywhere within the scope of the current suite.</doc>
                  <msg timestamp="20210829 07:28:37.873" level="INFO">${base_url} = https://sandbox.101digital.io</msg>
                  <status status="PASS" starttime="20210829 07:28:37.871" endtime="20210829 07:28:37.873" />
               </kw>
               <status status="PASS" starttime="20210829 07:28:37.867" endtime="20210829 07:28:37.874" />
            </kw>
            <tag>invoice-service</tag>
            <status status="PASS" starttime="20210829 07:28:37.866" endtime="20210829 07:28:37.875" />
         </test>
         <test id="s1-s1-t2" name="Read Google Sheet">
            <kw name="Extract Invoice Data">
               <kw name="Get From Dictionary" library="Collections">
                  <var>${sheet_id}</var>
                  <arg>${invoice_test_data}</arg>
                  <arg>${ENV}</arg>
                  <doc>Returns a value from the given ``dictionary`` based on the given ``key``.</doc>
                  <msg timestamp="20210829 07:28:37.886" level="INFO">${sheet_id} = 1pg41Xrpc2AxtvIbJClV9AflmpsaQebLrO__ZtKPykLE</msg>
                  <status status="PASS" starttime="20210829 07:28:37.886" endtime="20210829 07:28:37.886" />
               </kw>
               <kw name="Get Objects From Sheet" library="common">
                  <var>${invoices_data}</var>
                  <arg>${sheet_id}</arg>
                  <arg>Invoices</arg>
                  <kw name="Initialize Spreadsheet" library="GoogleSheetsLibrary">
                     <arg>spreadsheetId=${sheet_id}</arg>
                     <arg>tokenFile=resource/token.pickle</arg>
                     <doc>Initializes the connection to the specified Google Spreadsheet. Takes 2 positional arguments            spreadsheetId and tokenFile.
Sample Usage:
| `Initialize Spreadsheet`   | 1BxiMVs0XRA5nFMdKvBdBZjgmUUqptlbs74OgvE2upms  | ${EXECDIR}/token.pickle   |</doc>
                     <status status="PASS" starttime="20210829 07:28:37.888" endtime="20210829 07:28:38.164" />
                  </kw>
                  <kw name="Fetch Single Range" library="GoogleSheetsLibrary">
                     <var>${content}</var>
                     <arg>${sheet}</arg>
                     <doc>Fetches data from the initialized spreadsheet given the range.
Example:
| `Fetch Single Range`        | Sheets1!A1:D |</doc>
                     <msg timestamp="20210829 07:28:38.700" level="INFO">${content} = {'range': 'Invoices!A1:Z1000', 'majorDimension': 'ROWS', 'values': [['Row #', 'Invoice Reference', 'Currency', 'Invoice Date', 'Due Date', 'Description', 'Customer #', 'Total Amount'], ['1', '#1234890...</msg>
                     <status status="PASS" starttime="20210829 07:28:38.165" endtime="20210829 07:28:38.700" />
                  </kw>
                  <kw name="Get Objects From Sheet Content" library="common">
                     <var>${list}</var>
                     <arg>content=${content}</arg>
                     <arg>mapping=${mapping}[${sheet}]</arg>
                     <kw name="Get From Dictionary" library="Collections">
                        <var>${array}</var>
                        <arg>${content}</arg>
                        <arg>values</arg>
                        <doc>Returns a value from the given ``dictionary`` based on the given ``key``.</doc>
                        <msg timestamp="20210829 07:28:38.703" level="INFO">${array} = [['Row #', 'Invoice Reference', 'Currency', 'Invoice Date', 'Due Date', 'Description', 'Customer #', 'Total Amount'], ['1', '#1234890', 'AUD', '2020-05-28', '2022-12-31', 'Invoice is issued to John Du...</msg>
                        <status status="PASS" starttime="20210829 07:28:38.702" endtime="20210829 07:28:38.703" />
                     </kw>
                     <kw name="Set Variable" library="BuiltIn">
                        <var>${headers}</var>
                        <arg>${array}[0]</arg>
                        <doc>Returns the given values which can then be assigned to a variables.</doc>
                        <msg timestamp="20210829 07:28:38.704" level="INFO">${headers} = ['Row #', 'Invoice Reference', 'Currency', 'Invoice Date', 'Due Date', 'Description', 'Customer #', 'Total Amount']</msg>
                        <status status="PASS" starttime="20210829 07:28:38.704" endtime="20210829 07:28:38.704" />
                     </kw>
                     <kw name="Set Variable" library="BuiltIn">
                        <var>${index}</var>
                        <arg>0</arg>
                        <doc>Returns the given values which can then be assigned to a variables.</doc>
                        <msg timestamp="20210829 07:28:38.706" level="INFO">${index} = 0</msg>
                        <status status="PASS" starttime="20210829 07:28:38.705" endtime="20210829 07:28:38.706" />
                     </kw>
                     <kw name="Create Dictionary" library="BuiltIn">
                        <var>&amp;{header_mapping}</var>
                        <doc>Creates and returns a dictionary based on the given ``items``.</doc>
                        <msg timestamp="20210829 07:28:38.707" level="INFO">&amp;{header_mapping} = { }</msg>
                        <status status="PASS" starttime="20210829 07:28:38.706" endtime="20210829 07:28:38.707" />
                     </kw>
                     <kw name="Create List" library="BuiltIn">
                        <var>${list}</var>
                        <doc>Returns a list containing given items.</doc>
                        <msg timestamp="20210829 07:28:38.708" level="INFO">${list} = []</msg>
                        <status status="PASS" starttime="20210829 07:28:38.708" endtime="20210829 07:28:38.708" />
                     </kw>
                     <for flavor="IN">
                        <var>${header}</var>
                        <value>@{headers}</value>
                        <iter>
                           <var name="${header}">Row #</var>
                           <kw name="Set To Dictionary" library="Collections">
                              <arg>${header_mapping}</arg>
                              <arg>${mapping}[${header}]=${index}</arg>
                              <doc>Adds the given ``key_value_pairs`` and ``items`` to the ``dictionary``.</doc>
                              <status status="PASS" starttime="20210829 07:28:38.710" endtime="20210829 07:28:38.711" />
                           </kw>
                           <kw name="Evaluate" library="BuiltIn">
                              <var>${index}</var>
                              <arg>${index}+1</arg>
                              <doc>Evaluates the given expression in Python and returns the result.</doc>
                              <msg timestamp="20210829 07:28:38.712" level="INFO">${index} = 1</msg>
                              <status status="PASS" starttime="20210829 07:28:38.711" endtime="20210829 07:28:38.712" />
                           </kw>
                           <status status="PASS" starttime="20210829 07:28:38.709" endtime="20210829 07:28:38.713" />
                        </iter>
                        <iter>
                           <var name="${header}">Invoice Reference</var>
                           <kw name="Set To Dictionary" library="Collections">
                              <arg>${header_mapping}</arg>
                              <arg>${mapping}[${header}]=${index}</arg>
                              <doc>Adds the given ``key_value_pairs`` and ``items`` to the ``dictionary``.</doc>
                              <status status="PASS" starttime="20210829 07:28:38.714" endtime="20210829 07:28:38.715" />
                           </kw>
                           <kw name="Evaluate" library="BuiltIn">
                              <var>${index}</var>
                              <arg>${index}+1</arg>
                              <doc>Evaluates the given expression in Python and returns the result.</doc>
                              <msg timestamp="20210829 07:28:38.716" level="INFO">${index} = 2</msg>
                              <status status="PASS" starttime="20210829 07:28:38.715" endtime="20210829 07:28:38.716" />
                           </kw>
                           <status status="PASS" starttime="20210829 07:28:38.713" endtime="20210829 07:28:38.717" />
                        </iter>
                        <iter>
                           <var name="${header}">Currency</var>
                           <kw name="Set To Dictionary" library="Collections">
                              <arg>${header_mapping}</arg>
                              <arg>${mapping}[${header}]=${index}</arg>
                              <doc>Adds the given ``key_value_pairs`` and ``items`` to the ``dictionary``.</doc>
                              <status status="PASS" starttime="20210829 07:28:38.717" endtime="20210829 07:28:38.719" />
                           </kw>
                           <kw name="Evaluate" library="BuiltIn">
                              <var>${index}</var>
                              <arg>${index}+1</arg>
                              <doc>Evaluates the given expression in Python and returns the result.</doc>
                              <msg timestamp="20210829 07:28:38.720" level="INFO">${index} = 3</msg>
                              <status status="PASS" starttime="20210829 07:28:38.719" endtime="20210829 07:28:38.720" />
                           </kw>
                           <status status="PASS" starttime="20210829 07:28:38.717" endtime="20210829 07:28:38.721" />
                        </iter>
                        <iter>
                           <var name="${header}">Invoice Date</var>
                           <kw name="Set To Dictionary" library="Collections">
                              <arg>${header_mapping}</arg>
                              <arg>${mapping}[${header}]=${index}</arg>
                              <doc>Adds the given ``key_value_pairs`` and ``items`` to the ``dictionary``.</doc>
                              <status status="PASS" starttime="20210829 07:28:38.721" endtime="20210829 07:28:38.723" />
                           </kw>
                           <kw name="Evaluate" library="BuiltIn">
                              <var>${index}</var>
                              <arg>${index}+1</arg>
                              <doc>Evaluates the given expression in Python and returns the result.</doc>
                              <msg timestamp="20210829 07:28:38.724" level="INFO">${index} = 4</msg>
                              <status status="PASS" starttime="20210829 07:28:38.723" endtime="20210829 07:28:38.724" />
                           </kw>
                           <status status="PASS" starttime="20210829 07:28:38.721" endtime="20210829 07:28:38.725" />
                        </iter>
                        <iter>
                           <var name="${header}">Due Date</var>
                           <kw name="Set To Dictionary" library="Collections">
                              <arg>${header_mapping}</arg>
                              <arg>${mapping}[${header}]=${index}</arg>
                              <doc>Adds the given ``key_value_pairs`` and ``items`` to the ``dictionary``.</doc>
                              <status status="PASS" starttime="20210829 07:28:38.725" endtime="20210829 07:28:38.726" />
                           </kw>
                           <kw name="Evaluate" library="BuiltIn">
                              <var>${index}</var>
                              <arg>${index}+1</arg>
                              <doc>Evaluates the given expression in Python and returns the result.</doc>
                              <msg timestamp="20210829 07:28:38.727" level="INFO">${index} = 5</msg>
                              <status status="PASS" starttime="20210829 07:28:38.727" endtime="20210829 07:28:38.727" />
                           </kw>
                           <status status="PASS" starttime="20210829 07:28:38.725" endtime="20210829 07:28:38.728" />
                        </iter>
                        <iter>
                           <var name="${header}">Description</var>
                           <kw name="Set To Dictionary" library="Collections">
                              <arg>${header_mapping}</arg>
                              <arg>${mapping}[${header}]=${index}</arg>
                              <doc>Adds the given ``key_value_pairs`` and ``items`` to the ``dictionary``.</doc>
                              <status status="PASS" starttime="20210829 07:28:38.729" endtime="20210829 07:28:38.730" />
                           </kw>
                           <kw name="Evaluate" library="BuiltIn">
                              <var>${index}</var>
                              <arg>${index}+1</arg>
                              <doc>Evaluates the given expression in Python and returns the result.</doc>
                              <msg timestamp="20210829 07:28:38.731" level="INFO">${index} = 6</msg>
                              <status status="PASS" starttime="20210829 07:28:38.730" endtime="20210829 07:28:38.731" />
                           </kw>
                           <status status="PASS" starttime="20210829 07:28:38.728" endtime="20210829 07:28:38.731" />
                        </iter>
                        <iter>
                           <var name="${header}">Customer #</var>
                           <kw name="Set To Dictionary" library="Collections">
                              <arg>${header_mapping}</arg>
                              <arg>${mapping}[${header}]=${index}</arg>
                              <doc>Adds the given ``key_value_pairs`` and ``items`` to the ``dictionary``.</doc>
                              <status status="PASS" starttime="20210829 07:28:38.732" endtime="20210829 07:28:38.733" />
                           </kw>
                           <kw name="Evaluate" library="BuiltIn">
                              <var>${index}</var>
                              <arg>${index}+1</arg>
                              <doc>Evaluates the given expression in Python and returns the result.</doc>
                              <msg timestamp="20210829 07:28:38.735" level="INFO">${index} = 7</msg>
                              <status status="PASS" starttime="20210829 07:28:38.734" endtime="20210829 07:28:38.735" />
                           </kw>
                           <status status="PASS" starttime="20210829 07:28:38.732" endtime="20210829 07:28:38.735" />
                        </iter>
                        <iter>
                           <var name="${header}">Total Amount</var>
                           <kw name="Set To Dictionary" library="Collections">
                              <arg>${header_mapping}</arg>
                              <arg>${mapping}[${header}]=${index}</arg>
                              <doc>Adds the given ``key_value_pairs`` and ``items`` to the ``dictionary``.</doc>
                              <status status="PASS" starttime="20210829 07:28:38.736" endtime="20210829 07:28:38.737" />
                           </kw>
                           <kw name="Evaluate" library="BuiltIn">
                              <var>${index}</var>
                              <arg>${index}+1</arg>
                              <doc>Evaluates the given expression in Python and returns the result.</doc>
                              <msg timestamp="20210829 07:28:38.738" level="INFO">${index} = 8</msg>
                              <status status="PASS" starttime="20210829 07:28:38.738" endtime="20210829 07:28:38.738" />
                           </kw>
                           <status status="PASS" starttime="20210829 07:28:38.736" endtime="20210829 07:28:38.739" />
                        </iter>
                        <status status="PASS" starttime="20210829 07:28:38.709" endtime="20210829 07:28:38.739" />
                     </for>
                     <kw name="Get Length" library="BuiltIn">
                        <var>${length}</var>
                        <arg>${array}</arg>
                        <doc>Returns and logs the length of the given item as an integer.</doc>
                        <msg timestamp="20210829 07:28:38.740" level="INFO">Length is 3</msg>
                        <msg timestamp="20210829 07:28:38.740" level="INFO">${length} = 3</msg>
                        <status status="PASS" starttime="20210829 07:28:38.740" endtime="20210829 07:28:38.741" />
                     </kw>
                     <for flavor="IN RANGE">
                        <var>${index}</var>
                        <value>1</value>
                        <value>${length}</value>
                        <iter>
                           <var name="${index}">1</var>
                           <kw name="Set Variable" library="BuiltIn">
                              <var>${row_data}</var>
                              <arg>${array}[${index}]</arg>
                              <doc>Returns the given values which can then be assigned to a variables.</doc>
                              <msg timestamp="20210829 07:28:38.743" level="INFO">${row_data} = ['1', '#1234890', 'AUD', '2020-05-28', '2022-12-31', 'Invoice is issued to John Due', '1', '1981']</msg>
                              <status status="PASS" starttime="20210829 07:28:38.742" endtime="20210829 07:28:38.743" />
                           </kw>
                           <kw name="Create Dictionary" library="BuiltIn">
                              <var>&amp;{object}</var>
                              <doc>Creates and returns a dictionary based on the given ``items``.</doc>
                              <msg timestamp="20210829 07:28:38.744" level="INFO">&amp;{object} = { }</msg>
                              <status status="PASS" starttime="20210829 07:28:38.743" endtime="20210829 07:28:38.744" />
                           </kw>
                           <for flavor="IN">
                              <var>${key}</var>
                              <value>@{header_mapping.keys()}</value>
                              <iter>
                                 <var name="${key}">rowId</var>
                                 <kw name="Set To Dictionary" library="Collections">
                                    <arg>${object}</arg>
                                    <arg>${key}=${row_data}[${header_mapping}[${key}]]</arg>
                                    <doc>Adds the given ``key_value_pairs`` and ``items`` to the ``dictionary``.</doc>
                                    <status status="PASS" starttime="20210829 07:28:38.747" endtime="20210829 07:28:38.747" />
                                 </kw>
                                 <status status="PASS" starttime="20210829 07:28:38.746" endtime="20210829 07:28:38.748" />
                              </iter>
                              <iter>
                                 <var name="${key}">invoiceReference</var>
                                 <kw name="Set To Dictionary" library="Collections">
                                    <arg>${object}</arg>
                                    <arg>${key}=${row_data}[${header_mapping}[${key}]]</arg>
                                    <doc>Adds the given ``key_value_pairs`` and ``items`` to the ``dictionary``.</doc>
                                    <status status="PASS" starttime="20210829 07:28:38.749" endtime="20210829 07:28:38.750" />
                                 </kw>
                                 <status status="PASS" starttime="20210829 07:28:38.748" endtime="20210829 07:28:38.750" />
                              </iter>
                              <iter>
                                 <var name="${key}">currency</var>
                                 <kw name="Set To Dictionary" library="Collections">
                                    <arg>${object}</arg>
                                    <arg>${key}=${row_data}[${header_mapping}[${key}]]</arg>
                                    <doc>Adds the given ``key_value_pairs`` and ``items`` to the ``dictionary``.</doc>
                                    <status status="PASS" starttime="20210829 07:28:38.751" endtime="20210829 07:28:38.752" />
                                 </kw>
                                 <status status="PASS" starttime="20210829 07:28:38.751" endtime="20210829 07:28:38.753" />
                              </iter>
                              <iter>
                                 <var name="${key}">invoiceDate</var>
                                 <kw name="Set To Dictionary" library="Collections">
                                    <arg>${object}</arg>
                                    <arg>${key}=${row_data}[${header_mapping}[${key}]]</arg>
                                    <doc>Adds the given ``key_value_pairs`` and ``items`` to the ``dictionary``.</doc>
                                    <status status="PASS" starttime="20210829 07:28:38.753" endtime="20210829 07:28:38.754" />
                                 </kw>
                                 <status status="PASS" starttime="20210829 07:28:38.753" endtime="20210829 07:28:38.755" />
                              </iter>
                              <iter>
                                 <var name="${key}">dueDate</var>
                                 <kw name="Set To Dictionary" library="Collections">
                                    <arg>${object}</arg>
                                    <arg>${key}=${row_data}[${header_mapping}[${key}]]</arg>
                                    <doc>Adds the given ``key_value_pairs`` and ``items`` to the ``dictionary``.</doc>
                                    <status status="PASS" starttime="20210829 07:28:38.755" endtime="20210829 07:28:38.756" />
                                 </kw>
                                 <status status="PASS" starttime="20210829 07:28:38.755" endtime="20210829 07:28:38.757" />
                              </iter>
                              <iter>
                                 <var name="${key}">description</var>
                                 <kw name="Set To Dictionary" library="Collections">
                                    <arg>${object}</arg>
                                    <arg>${key}=${row_data}[${header_mapping}[${key}]]</arg>
                                    <doc>Adds the given ``key_value_pairs`` and ``items`` to the ``dictionary``.</doc>
                                    <status status="PASS" starttime="20210829 07:28:38.758" endtime="20210829 07:28:38.759" />
                                 </kw>
                                 <status status="PASS" starttime="20210829 07:28:38.757" endtime="20210829 07:28:38.759" />
                              </iter>
                              <iter>
                                 <var name="${key}">customerRowId</var>
                                 <kw name="Set To Dictionary" library="Collections">
                                    <arg>${object}</arg>
                                    <arg>${key}=${row_data}[${header_mapping}[${key}]]</arg>
                                    <doc>Adds the given ``key_value_pairs`` and ``items`` to the ``dictionary``.</doc>
                                    <status status="PASS" starttime="20210829 07:28:38.760" endtime="20210829 07:28:38.761" />
                                 </kw>
                                 <status status="PASS" starttime="20210829 07:28:38.760" endtime="20210829 07:28:38.762" />
                              </iter>
                              <iter>
                                 <var name="${key}">totalAmount</var>
                                 <kw name="Set To Dictionary" library="Collections">
                                    <arg>${object}</arg>
                                    <arg>${key}=${row_data}[${header_mapping}[${key}]]</arg>
                                    <doc>Adds the given ``key_value_pairs`` and ``items`` to the ``dictionary``.</doc>
                                    <status status="PASS" starttime="20210829 07:28:38.762" endtime="20210829 07:28:38.763" />
                                 </kw>
                                 <status status="PASS" starttime="20210829 07:28:38.762" endtime="20210829 07:28:38.764" />
                              </iter>
                              <status status="PASS" starttime="20210829 07:28:38.745" endtime="20210829 07:28:38.764" />
                           </for>
                           <kw name="Append To List" library="Collections">
                              <arg>${list}</arg>
                              <arg>${object}</arg>
                              <doc>Adds ``values`` to the end of ``list``.</doc>
                              <status status="PASS" starttime="20210829 07:28:38.765" endtime="20210829 07:28:38.765" />
                           </kw>
                           <status status="PASS" starttime="20210829 07:28:38.742" endtime="20210829 07:28:38.766" />
                        </iter>
                        <iter>
                           <var name="${index}">2</var>
                           <kw name="Set Variable" library="BuiltIn">
                              <var>${row_data}</var>
                              <arg>${array}[${index}]</arg>
                              <doc>Returns the given values which can then be assigned to a variables.</doc>
                              <msg timestamp="20210829 07:28:38.767" level="INFO">${row_data} = ['2', '#000000001', 'AUD', '2020-05-28', '2022-12-31', 'Invoice is issued to Viet', '2', '1981']</msg>
                              <status status="PASS" starttime="20210829 07:28:38.767" endtime="20210829 07:28:38.767" />
                           </kw>
                           <kw name="Create Dictionary" library="BuiltIn">
                              <var>&amp;{object}</var>
                              <doc>Creates and returns a dictionary based on the given ``items``.</doc>
                              <msg timestamp="20210829 07:28:38.768" level="INFO">&amp;{object} = { }</msg>
                              <status status="PASS" starttime="20210829 07:28:38.768" endtime="20210829 07:28:38.768" />
                           </kw>
                           <for flavor="IN">
                              <var>${key}</var>
                              <value>@{header_mapping.keys()}</value>
                              <iter>
                                 <var name="${key}">rowId</var>
                                 <kw name="Set To Dictionary" library="Collections">
                                    <arg>${object}</arg>
                                    <arg>${key}=${row_data}[${header_mapping}[${key}]]</arg>
                                    <doc>Adds the given ``key_value_pairs`` and ``items`` to the ``dictionary``.</doc>
                                    <status status="PASS" starttime="20210829 07:28:38.771" endtime="20210829 07:28:38.772" />
                                 </kw>
                                 <status status="PASS" starttime="20210829 07:28:38.770" endtime="20210829 07:28:38.772" />
                              </iter>
                              <iter>
                                 <var name="${key}">invoiceReference</var>
                                 <kw name="Set To Dictionary" library="Collections">
                                    <arg>${object}</arg>
                                    <arg>${key}=${row_data}[${header_mapping}[${key}]]</arg>
                                    <doc>Adds the given ``key_value_pairs`` and ``items`` to the ``dictionary``.</doc>
                                    <status status="PASS" starttime="20210829 07:28:38.773" endtime="20210829 07:28:38.774" />
                                 </kw>
                                 <status status="PASS" starttime="20210829 07:28:38.773" endtime="20210829 07:28:38.774" />
                              </iter>
                              <iter>
                                 <var name="${key}">currency</var>
                                 <kw name="Set To Dictionary" library="Collections">
                                    <arg>${object}</arg>
                                    <arg>${key}=${row_data}[${header_mapping}[${key}]]</arg>
                                    <doc>Adds the given ``key_value_pairs`` and ``items`` to the ``dictionary``.</doc>
                                    <status status="PASS" starttime="20210829 07:28:38.775" endtime="20210829 07:28:38.776" />
                                 </kw>
                                 <status status="PASS" starttime="20210829 07:28:38.775" endtime="20210829 07:28:38.777" />
                              </iter>
                              <iter>
                                 <var name="${key}">invoiceDate</var>
                                 <kw name="Set To Dictionary" library="Collections">
                                    <arg>${object}</arg>
                                    <arg>${key}=${row_data}[${header_mapping}[${key}]]</arg>
                                    <doc>Adds the given ``key_value_pairs`` and ``items`` to the ``dictionary``.</doc>
                                    <status status="PASS" starttime="20210829 07:28:38.777" endtime="20210829 07:28:38.779" />
                                 </kw>
                                 <status status="PASS" starttime="20210829 07:28:38.777" endtime="20210829 07:28:38.779" />
                              </iter>
                              <iter>
                                 <var name="${key}">dueDate</var>
                                 <kw name="Set To Dictionary" library="Collections">
                                    <arg>${object}</arg>
                                    <arg>${key}=${row_data}[${header_mapping}[${key}]]</arg>
                                    <doc>Adds the given ``key_value_pairs`` and ``items`` to the ``dictionary``.</doc>
                                    <status status="PASS" starttime="20210829 07:28:38.780" endtime="20210829 07:28:38.781" />
                                 </kw>
                                 <status status="PASS" starttime="20210829 07:28:38.779" endtime="20210829 07:28:38.781" />
                              </iter>
                              <iter>
                                 <var name="${key}">description</var>
                                 <kw name="Set To Dictionary" library="Collections">
                                    <arg>${object}</arg>
                                    <arg>${key}=${row_data}[${header_mapping}[${key}]]</arg>
                                    <doc>Adds the given ``key_value_pairs`` and ``items`` to the ``dictionary``.</doc>
                                    <status status="PASS" starttime="20210829 07:28:38.782" endtime="20210829 07:28:38.783" />
                                 </kw>
                                 <status status="PASS" starttime="20210829 07:28:38.782" endtime="20210829 07:28:38.783" />
                              </iter>
                              <iter>
                                 <var name="${key}">customerRowId</var>
                                 <kw name="Set To Dictionary" library="Collections">
                                    <arg>${object}</arg>
                                    <arg>${key}=${row_data}[${header_mapping}[${key}]]</arg>
                                    <doc>Adds the given ``key_value_pairs`` and ``items`` to the ``dictionary``.</doc>
                                    <status status="PASS" starttime="20210829 07:28:38.784" endtime="20210829 07:28:38.785" />
                                 </kw>
                                 <status status="PASS" starttime="20210829 07:28:38.784" endtime="20210829 07:28:38.786" />
                              </iter>
                              <iter>
                                 <var name="${key}">totalAmount</var>
                                 <kw name="Set To Dictionary" library="Collections">
                                    <arg>${object}</arg>
                                    <arg>${key}=${row_data}[${header_mapping}[${key}]]</arg>
                                    <doc>Adds the given ``key_value_pairs`` and ``items`` to the ``dictionary``.</doc>
                                    <status status="PASS" starttime="20210829 07:28:38.786" endtime="20210829 07:28:38.787" />
                                 </kw>
                                 <status status="PASS" starttime="20210829 07:28:38.786" endtime="20210829 07:28:38.788" />
                              </iter>
                              <status status="PASS" starttime="20210829 07:28:38.769" endtime="20210829 07:28:38.788" />
                           </for>
                           <kw name="Append To List" library="Collections">
                              <arg>${list}</arg>
                              <arg>${object}</arg>
                              <doc>Adds ``values`` to the end of ``list``.</doc>
                              <status status="PASS" starttime="20210829 07:28:38.789" endtime="20210829 07:28:38.789" />
                           </kw>
                           <status status="PASS" starttime="20210829 07:28:38.766" endtime="20210829 07:28:38.790" />
                        </iter>
                        <status status="PASS" starttime="20210829 07:28:38.741" endtime="20210829 07:28:38.790" />
                     </for>
                     <msg timestamp="20210829 07:28:38.791" level="INFO">${list} = [{'rowId': '1', 'invoiceReference': '#1234890', 'currency': 'AUD', 'invoiceDate': '2020-05-28', 'dueDate': '2022-12-31', 'description': 'Invoice is issued to John Due', 'customerRowId': '1', 'totalAmo...</msg>
                     <status status="PASS" starttime="20210829 07:28:38.701" endtime="20210829 07:28:38.791" />
                  </kw>
                  <msg timestamp="20210829 07:28:38.792" level="INFO">${invoices_data} = [{'rowId': '1', 'invoiceReference': '#1234890', 'currency': 'AUD', 'invoiceDate': '2020-05-28', 'dueDate': '2022-12-31', 'description': 'Invoice is issued to John Due', 'customerRowId': '1', 'totalAmo...</msg>
                  <status status="PASS" starttime="20210829 07:28:37.887" endtime="20210829 07:28:38.792" />
               </kw>
               <kw name="Get Objects From Sheet" library="common">
                  <var>${customers_data}</var>
                  <arg>${sheet_id}</arg>
                  <arg>Customers</arg>
                  <kw name="Initialize Spreadsheet" library="GoogleSheetsLibrary">
                     <arg>spreadsheetId=${sheet_id}</arg>
                     <arg>tokenFile=resource/token.pickle</arg>
                     <doc>Initializes the connection to the specified Google Spreadsheet. Takes 2 positional arguments            spreadsheetId and tokenFile.
Sample Usage:
| `Initialize Spreadsheet`   | 1BxiMVs0XRA5nFMdKvBdBZjgmUUqptlbs74OgvE2upms  | ${EXECDIR}/token.pickle   |</doc>
                     <status status="PASS" starttime="20210829 07:28:38.794" endtime="20210829 07:28:39.012" />
                  </kw>
                  <kw name="Fetch Single Range" library="GoogleSheetsLibrary">
                     <var>${content}</var>
                     <arg>${sheet}</arg>
                     <doc>Fetches data from the initialized spreadsheet given the range.
Example:
| `Fetch Single Range`        | Sheets1!A1:D |</doc>
                     <msg timestamp="20210829 07:28:39.351" level="INFO">${content} = {'range': 'Customers!A1:Z1000', 'majorDimension': 'ROWS', 'values': [['Row #', 'First Name', 'Last Name', 'Name', 'Email', 'Mobile Number', 'Premise', 'Country Code', 'Post Code', 'County', 'City'], [...</msg>
                     <status status="PASS" starttime="20210829 07:28:39.013" endtime="20210829 07:28:39.351" />
                  </kw>
                  <kw name="Get Objects From Sheet Content" library="common">
                     <var>${list}</var>
                     <arg>content=${content}</arg>
                     <arg>mapping=${mapping}[${sheet}]</arg>
                     <kw name="Get From Dictionary" library="Collections">
                        <var>${array}</var>
                        <arg>${content}</arg>
                        <arg>values</arg>
                        <doc>Returns a value from the given ``dictionary`` based on the given ``key``.</doc>
                        <msg timestamp="20210829 07:28:39.357" level="INFO">${array} = [['Row #', 'First Name', 'Last Name', 'Name', 'Email', 'Mobile Number', 'Premise', 'Country Code', 'Post Code', 'County', 'City'], ['1', 'John', 'Doe', 'British Auto Repair', 'johndoe@barepaire.com', ...</msg>
                        <status status="PASS" starttime="20210829 07:28:39.356" endtime="20210829 07:28:39.357" />
                     </kw>
                     <kw name="Set Variable" library="BuiltIn">
                        <var>${headers}</var>
                        <arg>${array}[0]</arg>
                        <doc>Returns the given values which can then be assigned to a variables.</doc>
                        <msg timestamp="20210829 07:28:39.358" level="INFO">${headers} = ['Row #', 'First Name', 'Last Name', 'Name', 'Email', 'Mobile Number', 'Premise', 'Country Code', 'Post Code', 'County', 'City']</msg>
                        <status status="PASS" starttime="20210829 07:28:39.358" endtime="20210829 07:28:39.358" />
                     </kw>
                     <kw name="Set Variable" library="BuiltIn">
                        <var>${index}</var>
                        <arg>0</arg>
                        <doc>Returns the given values which can then be assigned to a variables.</doc>
                        <msg timestamp="20210829 07:28:39.359" level="INFO">${index} = 0</msg>
                        <status status="PASS" starttime="20210829 07:28:39.359" endtime="20210829 07:28:39.360" />
                     </kw>
                     <kw name="Create Dictionary" library="BuiltIn">
                        <var>&amp;{header_mapping}</var>
                        <doc>Creates and returns a dictionary based on the given ``items``.</doc>
                        <msg timestamp="20210829 07:28:39.361" level="INFO">&amp;{header_mapping} = { }</msg>
                        <status status="PASS" starttime="20210829 07:28:39.360" endtime="20210829 07:28:39.361" />
                     </kw>
                     <kw name="Create List" library="BuiltIn">
                        <var>${list}</var>
                        <doc>Returns a list containing given items.</doc>
                        <msg timestamp="20210829 07:28:39.362" level="INFO">${list} = []</msg>
                        <status status="PASS" starttime="20210829 07:28:39.362" endtime="20210829 07:28:39.362" />
                     </kw>
                     <for flavor="IN">
                        <var>${header}</var>
                        <value>@{headers}</value>
                        <iter>
                           <var name="${header}">Row #</var>
                           <kw name="Set To Dictionary" library="Collections">
                              <arg>${header_mapping}</arg>
                              <arg>${mapping}[${header}]=${index}</arg>
                              <doc>Adds the given ``key_value_pairs`` and ``items`` to the ``dictionary``.</doc>
                              <status status="PASS" starttime="20210829 07:28:39.364" endtime="20210829 07:28:39.365" />
                           </kw>
                           <kw name="Evaluate" library="BuiltIn">
                              <var>${index}</var>
                              <arg>${index}+1</arg>
                              <doc>Evaluates the given expression in Python and returns the result.</doc>
                              <msg timestamp="20210829 07:28:39.366" level="INFO">${index} = 1</msg>
                              <status status="PASS" starttime="20210829 07:28:39.365" endtime="20210829 07:28:39.366" />
                           </kw>
                           <status status="PASS" starttime="20210829 07:28:39.363" endtime="20210829 07:28:39.366" />
                        </iter>
                        <iter>
                           <var name="${header}">First Name</var>
                           <kw name="Set To Dictionary" library="Collections">
                              <arg>${header_mapping}</arg>
                              <arg>${mapping}[${header}]=${index}</arg>
                              <doc>Adds the given ``key_value_pairs`` and ``items`` to the ``dictionary``.</doc>
                              <status status="PASS" starttime="20210829 07:28:39.367" endtime="20210829 07:28:39.368" />
                           </kw>
                           <kw name="Evaluate" library="BuiltIn">
                              <var>${index}</var>
                              <arg>${index}+1</arg>
                              <doc>Evaluates the given expression in Python and returns the result.</doc>
                              <msg timestamp="20210829 07:28:39.369" level="INFO">${index} = 2</msg>
                              <status status="PASS" starttime="20210829 07:28:39.369" endtime="20210829 07:28:39.370" />
                           </kw>
                           <status status="PASS" starttime="20210829 07:28:39.367" endtime="20210829 07:28:39.370" />
                        </iter>
                        <iter>
                           <var name="${header}">Last Name</var>
                           <kw name="Set To Dictionary" library="Collections">
                              <arg>${header_mapping}</arg>
                              <arg>${mapping}[${header}]=${index}</arg>
                              <doc>Adds the given ``key_value_pairs`` and ``items`` to the ``dictionary``.</doc>
                              <status status="PASS" starttime="20210829 07:28:39.371" endtime="20210829 07:28:39.372" />
                           </kw>
                           <kw name="Evaluate" library="BuiltIn">
                              <var>${index}</var>
                              <arg>${index}+1</arg>
                              <doc>Evaluates the given expression in Python and returns the result.</doc>
                              <msg timestamp="20210829 07:28:39.373" level="INFO">${index} = 3</msg>
                              <status status="PASS" starttime="20210829 07:28:39.373" endtime="20210829 07:28:39.373" />
                           </kw>
                           <status status="PASS" starttime="20210829 07:28:39.371" endtime="20210829 07:28:39.374" />
                        </iter>
                        <iter>
                           <var name="${header}">Name</var>
                           <kw name="Set To Dictionary" library="Collections">
                              <arg>${header_mapping}</arg>
                              <arg>${mapping}[${header}]=${index}</arg>
                              <doc>Adds the given ``key_value_pairs`` and ``items`` to the ``dictionary``.</doc>
                              <status status="PASS" starttime="20210829 07:28:39.375" endtime="20210829 07:28:39.376" />
                           </kw>
                           <kw name="Evaluate" library="BuiltIn">
                              <var>${index}</var>
                              <arg>${index}+1</arg>
                              <doc>Evaluates the given expression in Python and returns the result.</doc>
                              <msg timestamp="20210829 07:28:39.377" level="INFO">${index} = 4</msg>
                              <status status="PASS" starttime="20210829 07:28:39.376" endtime="20210829 07:28:39.377" />
                           </kw>
                           <status status="PASS" starttime="20210829 07:28:39.374" endtime="20210829 07:28:39.378" />
                        </iter>
                        <iter>
                           <var name="${header}">Email</var>
                           <kw name="Set To Dictionary" library="Collections">
                              <arg>${header_mapping}</arg>
                              <arg>${mapping}[${header}]=${index}</arg>
                              <doc>Adds the given ``key_value_pairs`` and ``items`` to the ``dictionary``.</doc>
                              <status status="PASS" starttime="20210829 07:28:39.379" endtime="20210829 07:28:39.380" />
                           </kw>
                           <kw name="Evaluate" library="BuiltIn">
                              <var>${index}</var>
                              <arg>${index}+1</arg>
                              <doc>Evaluates the given expression in Python and returns the result.</doc>
                              <msg timestamp="20210829 07:28:39.381" level="INFO">${index} = 5</msg>
                              <status status="PASS" starttime="20210829 07:28:39.380" endtime="20210829 07:28:39.381" />
                           </kw>
                           <status status="PASS" starttime="20210829 07:28:39.378" endtime="20210829 07:28:39.381" />
                        </iter>
                        <iter>
                           <var name="${header}">Mobile Number</var>
                           <kw name="Set To Dictionary" library="Collections">
                              <arg>${header_mapping}</arg>
                              <arg>${mapping}[${header}]=${index}</arg>
                              <doc>Adds the given ``key_value_pairs`` and ``items`` to the ``dictionary``.</doc>
                              <status status="PASS" starttime="20210829 07:28:39.382" endtime="20210829 07:28:39.383" />
                           </kw>
                           <kw name="Evaluate" library="BuiltIn">
                              <var>${index}</var>
                              <arg>${index}+1</arg>
                              <doc>Evaluates the given expression in Python and returns the result.</doc>
                              <msg timestamp="20210829 07:28:39.384" level="INFO">${index} = 6</msg>
                              <status status="PASS" starttime="20210829 07:28:39.384" endtime="20210829 07:28:39.384" />
                           </kw>
                           <status status="PASS" starttime="20210829 07:28:39.382" endtime="20210829 07:28:39.385" />
                        </iter>
                        <iter>
                           <var name="${header}">Premise</var>
                           <kw name="Set To Dictionary" library="Collections">
                              <arg>${header_mapping}</arg>
                              <arg>${mapping}[${header}]=${index}</arg>
                              <doc>Adds the given ``key_value_pairs`` and ``items`` to the ``dictionary``.</doc>
                              <status status="PASS" starttime="20210829 07:28:39.386" endtime="20210829 07:28:39.387" />
                           </kw>
                           <kw name="Evaluate" library="BuiltIn">
                              <var>${index}</var>
                              <arg>${index}+1</arg>
                              <doc>Evaluates the given expression in Python and returns the result.</doc>
                              <msg timestamp="20210829 07:28:39.388" level="INFO">${index} = 7</msg>
                              <status status="PASS" starttime="20210829 07:28:39.388" endtime="20210829 07:28:39.388" />
                           </kw>
                           <status status="PASS" starttime="20210829 07:28:39.385" endtime="20210829 07:28:39.389" />
                        </iter>
                        <iter>
                           <var name="${header}">Country Code</var>
                           <kw name="Set To Dictionary" library="Collections">
                              <arg>${header_mapping}</arg>
                              <arg>${mapping}[${header}]=${index}</arg>
                              <doc>Adds the given ``key_value_pairs`` and ``items`` to the ``dictionary``.</doc>
                              <status status="PASS" starttime="20210829 07:28:39.390" endtime="20210829 07:28:39.391" />
                           </kw>
                           <kw name="Evaluate" library="BuiltIn">
                              <var>${index}</var>
                              <arg>${index}+1</arg>
                              <doc>Evaluates the given expression in Python and returns the result.</doc>
                              <msg timestamp="20210829 07:28:39.393" level="INFO">${index} = 8</msg>
                              <status status="PASS" starttime="20210829 07:28:39.392" endtime="20210829 07:28:39.393" />
                           </kw>
                           <status status="PASS" starttime="20210829 07:28:39.390" endtime="20210829 07:28:39.393" />
                        </iter>
                        <iter>
                           <var name="${header}">Post Code</var>
                           <kw name="Set To Dictionary" library="Collections">
                              <arg>${header_mapping}</arg>
                              <arg>${mapping}[${header}]=${index}</arg>
                              <doc>Adds the given ``key_value_pairs`` and ``items`` to the ``dictionary``.</doc>
                              <status status="PASS" starttime="20210829 07:28:39.394" endtime="20210829 07:28:39.396" />
                           </kw>
                           <kw name="Evaluate" library="BuiltIn">
                              <var>${index}</var>
                              <arg>${index}+1</arg>
                              <doc>Evaluates the given expression in Python and returns the result.</doc>
                              <msg timestamp="20210829 07:28:39.397" level="INFO">${index} = 9</msg>
                              <status status="PASS" starttime="20210829 07:28:39.396" endtime="20210829 07:28:39.397" />
                           </kw>
                           <status status="PASS" starttime="20210829 07:28:39.394" endtime="20210829 07:28:39.397" />
                        </iter>
                        <iter>
                           <var name="${header}">County</var>
                           <kw name="Set To Dictionary" library="Collections">
                              <arg>${header_mapping}</arg>
                              <arg>${mapping}[${header}]=${index}</arg>
                              <doc>Adds the given ``key_value_pairs`` and ``items`` to the ``dictionary``.</doc>
                              <status status="PASS" starttime="20210829 07:28:39.398" endtime="20210829 07:28:39.399" />
                           </kw>
                           <kw name="Evaluate" library="BuiltIn">
                              <var>${index}</var>
                              <arg>${index}+1</arg>
                              <doc>Evaluates the given expression in Python and returns the result.</doc>
                              <msg timestamp="20210829 07:28:39.401" level="INFO">${index} = 10</msg>
                              <status status="PASS" starttime="20210829 07:28:39.400" endtime="20210829 07:28:39.401" />
                           </kw>
                           <status status="PASS" starttime="20210829 07:28:39.398" endtime="20210829 07:28:39.401" />
                        </iter>
                        <iter>
                           <var name="${header}">City</var>
                           <kw name="Set To Dictionary" library="Collections">
                              <arg>${header_mapping}</arg>
                              <arg>${mapping}[${header}]=${index}</arg>
                              <doc>Adds the given ``key_value_pairs`` and ``items`` to the ``dictionary``.</doc>
                              <status status="PASS" starttime="20210829 07:28:39.402" endtime="20210829 07:28:39.403" />
                           </kw>
                           <kw name="Evaluate" library="BuiltIn">
                              <var>${index}</var>
                              <arg>${index}+1</arg>
                              <doc>Evaluates the given expression in Python and returns the result.</doc>
                              <msg timestamp="20210829 07:28:39.404" level="INFO">${index} = 11</msg>
                              <status status="PASS" starttime="20210829 07:28:39.404" endtime="20210829 07:28:39.405" />
                           </kw>
                           <status status="PASS" starttime="20210829 07:28:39.402" endtime="20210829 07:28:39.405" />
                        </iter>
                        <status status="PASS" starttime="20210829 07:28:39.363" endtime="20210829 07:28:39.406" />
                     </for>
                     <kw name="Get Length" library="BuiltIn">
                        <var>${length}</var>
                        <arg>${array}</arg>
                        <doc>Returns and logs the length of the given item as an integer.</doc>
                        <msg timestamp="20210829 07:28:39.407" level="INFO">Length is 3</msg>
                        <msg timestamp="20210829 07:28:39.407" level="INFO">${length} = 3</msg>
                        <status status="PASS" starttime="20210829 07:28:39.406" endtime="20210829 07:28:39.407" />
                     </kw>
                     <for flavor="IN RANGE">
                        <var>${index}</var>
                        <value>1</value>
                        <value>${length}</value>
                        <iter>
                           <var name="${index}">1</var>
                           <kw name="Set Variable" library="BuiltIn">
                              <var>${row_data}</var>
                              <arg>${array}[${index}]</arg>
                              <doc>Returns the given values which can then be assigned to a variables.</doc>
                              <msg timestamp="20210829 07:28:39.409" level="INFO">${row_data} = ['1', 'John', 'Doe', 'British Auto Repair', 'johndoe@barepaire.com', '+44 7700 900662', 'Acme House', 'UK', 'BK', 'Berkshire', 'Southampton']</msg>
                              <status status="PASS" starttime="20210829 07:28:39.409" endtime="20210829 07:28:39.409" />
                           </kw>
                           <kw name="Create Dictionary" library="BuiltIn">
                              <var>&amp;{object}</var>
                              <doc>Creates and returns a dictionary based on the given ``items``.</doc>
                              <msg timestamp="20210829 07:28:39.411" level="INFO">&amp;{object} = { }</msg>
                              <status status="PASS" starttime="20210829 07:28:39.410" endtime="20210829 07:28:39.411" />
                           </kw>
                           <for flavor="IN">
                              <var>${key}</var>
                              <value>@{header_mapping.keys()}</value>
                              <iter>
                                 <var name="${key}">rowId</var>
                                 <kw name="Set To Dictionary" library="Collections">
                                    <arg>${object}</arg>
                                    <arg>${key}=${row_data}[${header_mapping}[${key}]]</arg>
                                    <doc>Adds the given ``key_value_pairs`` and ``items`` to the ``dictionary``.</doc>
                                    <status status="PASS" starttime="20210829 07:28:39.414" endtime="20210829 07:28:39.415" />
                                 </kw>
                                 <status status="PASS" starttime="20210829 07:28:39.413" endtime="20210829 07:28:39.415" />
                              </iter>
                              <iter>
                                 <var name="${key}">firstName</var>
                                 <kw name="Set To Dictionary" library="Collections">
                                    <arg>${object}</arg>
                                    <arg>${key}=${row_data}[${header_mapping}[${key}]]</arg>
                                    <doc>Adds the given ``key_value_pairs`` and ``items`` to the ``dictionary``.</doc>
                                    <status status="PASS" starttime="20210829 07:28:39.416" endtime="20210829 07:28:39.417" />
                                 </kw>
                                 <status status="PASS" starttime="20210829 07:28:39.416" endtime="20210829 07:28:39.418" />
                              </iter>
                              <iter>
                                 <var name="${key}">lastName</var>
                                 <kw name="Set To Dictionary" library="Collections">
                                    <arg>${object}</arg>
                                    <arg>${key}=${row_data}[${header_mapping}[${key}]]</arg>
                                    <doc>Adds the given ``key_value_pairs`` and ``items`` to the ``dictionary``.</doc>
                                    <status status="PASS" starttime="20210829 07:28:39.419" endtime="20210829 07:28:39.420" />
                                 </kw>
                                 <status status="PASS" starttime="20210829 07:28:39.418" endtime="20210829 07:28:39.420" />
                              </iter>
                              <iter>
                                 <var name="${key}">name</var>
                                 <kw name="Set To Dictionary" library="Collections">
                                    <arg>${object}</arg>
                                    <arg>${key}=${row_data}[${header_mapping}[${key}]]</arg>
                                    <doc>Adds the given ``key_value_pairs`` and ``items`` to the ``dictionary``.</doc>
                                    <status status="PASS" starttime="20210829 07:28:39.421" endtime="20210829 07:28:39.423" />
                                 </kw>
                                 <status status="PASS" starttime="20210829 07:28:39.421" endtime="20210829 07:28:39.423" />
                              </iter>
                              <iter>
                                 <var name="${key}">email</var>
                                 <kw name="Set To Dictionary" library="Collections">
                                    <arg>${object}</arg>
                                    <arg>${key}=${row_data}[${header_mapping}[${key}]]</arg>
                                    <doc>Adds the given ``key_value_pairs`` and ``items`` to the ``dictionary``.</doc>
                                    <status status="PASS" starttime="20210829 07:28:39.424" endtime="20210829 07:28:39.425" />
                                 </kw>
                                 <status status="PASS" starttime="20210829 07:28:39.424" endtime="20210829 07:28:39.426" />
                              </iter>
                              <iter>
                                 <var name="${key}">mobileNumber</var>
                                 <kw name="Set To Dictionary" library="Collections">
                                    <arg>${object}</arg>
                                    <arg>${key}=${row_data}[${header_mapping}[${key}]]</arg>
                                    <doc>Adds the given ``key_value_pairs`` and ``items`` to the ``dictionary``.</doc>
                                    <status status="PASS" starttime="20210829 07:28:39.427" endtime="20210829 07:28:39.427" />
                                 </kw>
                                 <status status="PASS" starttime="20210829 07:28:39.426" endtime="20210829 07:28:39.428" />
                              </iter>
                              <iter>
                                 <var name="${key}">premise</var>
                                 <kw name="Set To Dictionary" library="Collections">
                                    <arg>${object}</arg>
                                    <arg>${key}=${row_data}[${header_mapping}[${key}]]</arg>
                                    <doc>Adds the given ``key_value_pairs`` and ``items`` to the ``dictionary``.</doc>
                                    <status status="PASS" starttime="20210829 07:28:39.429" endtime="20210829 07:28:39.430" />
                                 </kw>
                                 <status status="PASS" starttime="20210829 07:28:39.428" endtime="20210829 07:28:39.430" />
                              </iter>
                              <iter>
                                 <var name="${key}">countryCode</var>
                                 <kw name="Set To Dictionary" library="Collections">
                                    <arg>${object}</arg>
                                    <arg>${key}=${row_data}[${header_mapping}[${key}]]</arg>
                                    <doc>Adds the given ``key_value_pairs`` and ``items`` to the ``dictionary``.</doc>
                                    <status status="PASS" starttime="20210829 07:28:39.431" endtime="20210829 07:28:39.432" />
                                 </kw>
                                 <status status="PASS" starttime="20210829 07:28:39.431" endtime="20210829 07:28:39.433" />
                              </iter>
                              <iter>
                                 <var name="${key}">postCode</var>
                                 <kw name="Set To Dictionary" library="Collections">
                                    <arg>${object}</arg>
                                    <arg>${key}=${row_data}[${header_mapping}[${key}]]</arg>
                                    <doc>Adds the given ``key_value_pairs`` and ``items`` to the ``dictionary``.</doc>
                                    <status status="PASS" starttime="20210829 07:28:39.434" endtime="20210829 07:28:39.435" />
                                 </kw>
                                 <status status="PASS" starttime="20210829 07:28:39.433" endtime="20210829 07:28:39.435" />
                              </iter>
                              <iter>
                                 <var name="${key}">county</var>
                                 <kw name="Set To Dictionary" library="Collections">
                                    <arg>${object}</arg>
                                    <arg>${key}=${row_data}[${header_mapping}[${key}]]</arg>
                                    <doc>Adds the given ``key_value_pairs`` and ``items`` to the ``dictionary``.</doc>
                                    <status status="PASS" starttime="20210829 07:28:39.436" endtime="20210829 07:28:39.437" />
                                 </kw>
                                 <status status="PASS" starttime="20210829 07:28:39.436" endtime="20210829 07:28:39.438" />
                              </iter>
                              <iter>
                                 <var name="${key}">city</var>
                                 <kw name="Set To Dictionary" library="Collections">
                                    <arg>${object}</arg>
                                    <arg>${key}=${row_data}[${header_mapping}[${key}]]</arg>
                                    <doc>Adds the given ``key_value_pairs`` and ``items`` to the ``dictionary``.</doc>
                                    <status status="PASS" starttime="20210829 07:28:39.438" endtime="20210829 07:28:39.439" />
                                 </kw>
                                 <status status="PASS" starttime="20210829 07:28:39.438" endtime="20210829 07:28:39.440" />
                              </iter>
                              <status status="PASS" starttime="20210829 07:28:39.411" endtime="20210829 07:28:39.440" />
                           </for>
                           <kw name="Append To List" library="Collections">
                              <arg>${list}</arg>
                              <arg>${object}</arg>
                              <doc>Adds ``values`` to the end of ``list``.</doc>
                              <status status="PASS" starttime="20210829 07:28:39.441" endtime="20210829 07:28:39.442" />
                           </kw>
                           <status status="PASS" starttime="20210829 07:28:39.408" endtime="20210829 07:28:39.442" />
                        </iter>
                        <iter>
                           <var name="${index}">2</var>
                           <kw name="Set Variable" library="BuiltIn">
                              <var>${row_data}</var>
                              <arg>${array}[${index}]</arg>
                              <doc>Returns the given values which can then be assigned to a variables.</doc>
                              <msg timestamp="20210829 07:28:39.444" level="INFO">${row_data} = ['2', 'Viet', 'Nguyen', '101 Digital', 'quoc@101digital.io', '+84 9364 06987', '101digital', 'UK', 'BK', 'Berkshire', 'Southampton']</msg>
                              <status status="PASS" starttime="20210829 07:28:39.443" endtime="20210829 07:28:39.444" />
                           </kw>
                           <kw name="Create Dictionary" library="BuiltIn">
                              <var>&amp;{object}</var>
                              <doc>Creates and returns a dictionary based on the given ``items``.</doc>
                              <msg timestamp="20210829 07:28:39.445" level="INFO">&amp;{object} = { }</msg>
                              <status status="PASS" starttime="20210829 07:28:39.445" endtime="20210829 07:28:39.445" />
                           </kw>
                           <for flavor="IN">
                              <var>${key}</var>
                              <value>@{header_mapping.keys()}</value>
                              <iter>
                                 <var name="${key}">rowId</var>
                                 <kw name="Set To Dictionary" library="Collections">
                                    <arg>${object}</arg>
                                    <arg>${key}=${row_data}[${header_mapping}[${key}]]</arg>
                                    <doc>Adds the given ``key_value_pairs`` and ``items`` to the ``dictionary``.</doc>
                                    <status status="PASS" starttime="20210829 07:28:39.448" endtime="20210829 07:28:39.449" />
                                 </kw>
                                 <status status="PASS" starttime="20210829 07:28:39.447" endtime="20210829 07:28:39.449" />
                              </iter>
                              <iter>
                                 <var name="${key}">firstName</var>
                                 <kw name="Set To Dictionary" library="Collections">
                                    <arg>${object}</arg>
                                    <arg>${key}=${row_data}[${header_mapping}[${key}]]</arg>
                                    <doc>Adds the given ``key_value_pairs`` and ``items`` to the ``dictionary``.</doc>
                                    <status status="PASS" starttime="20210829 07:28:39.450" endtime="20210829 07:28:39.451" />
                                 </kw>
                                 <status status="PASS" starttime="20210829 07:28:39.450" endtime="20210829 07:28:39.451" />
                              </iter>
                              <iter>
                                 <var name="${key}">lastName</var>
                                 <kw name="Set To Dictionary" library="Collections">
                                    <arg>${object}</arg>
                                    <arg>${key}=${row_data}[${header_mapping}[${key}]]</arg>
                                    <doc>Adds the given ``key_value_pairs`` and ``items`` to the ``dictionary``.</doc>
                                    <status status="PASS" starttime="20210829 07:28:39.453" endtime="20210829 07:28:39.455" />
                                 </kw>
                                 <status status="PASS" starttime="20210829 07:28:39.453" endtime="20210829 07:28:39.455" />
                              </iter>
                              <iter>
                                 <var name="${key}">name</var>
                                 <kw name="Set To Dictionary" library="Collections">
                                    <arg>${object}</arg>
                                    <arg>${key}=${row_data}[${header_mapping}[${key}]]</arg>
                                    <doc>Adds the given ``key_value_pairs`` and ``items`` to the ``dictionary``.</doc>
                                    <status status="PASS" starttime="20210829 07:28:39.456" endtime="20210829 07:28:39.457" />
                                 </kw>
                                 <status status="PASS" starttime="20210829 07:28:39.456" endtime="20210829 07:28:39.457" />
                              </iter>
                              <iter>
                                 <var name="${key}">email</var>
                                 <kw name="Set To Dictionary" library="Collections">
                                    <arg>${object}</arg>
                                    <arg>${key}=${row_data}[${header_mapping}[${key}]]</arg>
                                    <doc>Adds the given ``key_value_pairs`` and ``items`` to the ``dictionary``.</doc>
                                    <status status="PASS" starttime="20210829 07:28:39.458" endtime="20210829 07:28:39.459" />
                                 </kw>
                                 <status status="PASS" starttime="20210829 07:28:39.458" endtime="20210829 07:28:39.460" />
                              </iter>
                              <iter>
                                 <var name="${key}">mobileNumber</var>
                                 <kw name="Set To Dictionary" library="Collections">
                                    <arg>${object}</arg>
                                    <arg>${key}=${row_data}[${header_mapping}[${key}]]</arg>
                                    <doc>Adds the given ``key_value_pairs`` and ``items`` to the ``dictionary``.</doc>
                                    <status status="PASS" starttime="20210829 07:28:39.461" endtime="20210829 07:28:39.462" />
                                 </kw>
                                 <status status="PASS" starttime="20210829 07:28:39.460" endtime="20210829 07:28:39.462" />
                              </iter>
                              <iter>
                                 <var name="${key}">premise</var>
                                 <kw name="Set To Dictionary" library="Collections">
                                    <arg>${object}</arg>
                                    <arg>${key}=${row_data}[${header_mapping}[${key}]]</arg>
                                    <doc>Adds the given ``key_value_pairs`` and ``items`` to the ``dictionary``.</doc>
                                    <status status="PASS" starttime="20210829 07:28:39.463" endtime="20210829 07:28:39.464" />
                                 </kw>
                                 <status status="PASS" starttime="20210829 07:28:39.463" endtime="20210829 07:28:39.465" />
                              </iter>
                              <iter>
                                 <var name="${key}">countryCode</var>
                                 <kw name="Set To Dictionary" library="Collections">
                                    <arg>${object}</arg>
                                    <arg>${key}=${row_data}[${header_mapping}[${key}]]</arg>
                                    <doc>Adds the given ``key_value_pairs`` and ``items`` to the ``dictionary``.</doc>
                                    <status status="PASS" starttime="20210829 07:28:39.465" endtime="20210829 07:28:39.466" />
                                 </kw>
                                 <status status="PASS" starttime="20210829 07:28:39.465" endtime="20210829 07:28:39.467" />
                              </iter>
                              <iter>
                                 <var name="${key}">postCode</var>
                                 <kw name="Set To Dictionary" library="Collections">
                                    <arg>${object}</arg>
                                    <arg>${key}=${row_data}[${header_mapping}[${key}]]</arg>
                                    <doc>Adds the given ``key_value_pairs`` and ``items`` to the ``dictionary``.</doc>
                                    <status status="PASS" starttime="20210829 07:28:39.468" endtime="20210829 07:28:39.469" />
                                 </kw>
                                 <status status="PASS" starttime="20210829 07:28:39.467" endtime="20210829 07:28:39.469" />
                              </iter>
                              <iter>
                                 <var name="${key}">county</var>
                                 <kw name="Set To Dictionary" library="Collections">
                                    <arg>${object}</arg>
                                    <arg>${key}=${row_data}[${header_mapping}[${key}]]</arg>
                                    <doc>Adds the given ``key_value_pairs`` and ``items`` to the ``dictionary``.</doc>
                                    <status status="PASS" starttime="20210829 07:28:39.470" endtime="20210829 07:28:39.471" />
                                 </kw>
                                 <status status="PASS" starttime="20210829 07:28:39.470" endtime="20210829 07:28:39.472" />
                              </iter>
                              <iter>
                                 <var name="${key}">city</var>
                                 <kw name="Set To Dictionary" library="Collections">
                                    <arg>${object}</arg>
                                    <arg>${key}=${row_data}[${header_mapping}[${key}]]</arg>
                                    <doc>Adds the given ``key_value_pairs`` and ``items`` to the ``dictionary``.</doc>
                                    <status status="PASS" starttime="20210829 07:28:39.472" endtime="20210829 07:28:39.474" />
                                 </kw>
                                 <status status="PASS" starttime="20210829 07:28:39.472" endtime="20210829 07:28:39.474" />
                              </iter>
                              <status status="PASS" starttime="20210829 07:28:39.446" endtime="20210829 07:28:39.475" />
                           </for>
                           <kw name="Append To List" library="Collections">
                              <arg>${list}</arg>
                              <arg>${object}</arg>
                              <doc>Adds ``values`` to the end of ``list``.</doc>
                              <status status="PASS" starttime="20210829 07:28:39.475" endtime="20210829 07:28:39.476" />
                           </kw>
                           <status status="PASS" starttime="20210829 07:28:39.443" endtime="20210829 07:28:39.476" />
                        </iter>
                        <status status="PASS" starttime="20210829 07:28:39.408" endtime="20210829 07:28:39.477" />
                     </for>
                     <msg timestamp="20210829 07:28:39.478" level="INFO">${list} = [{'rowId': '1', 'firstName': 'John', 'lastName': 'Doe', 'name': 'British Auto Repair', 'email': 'johndoe@barepaire.com', 'mobileNumber': '+44 7700 900662', 'premise': 'Acme House', 'countryCode': 'UK'...</msg>
                     <status status="PASS" starttime="20210829 07:28:39.352" endtime="20210829 07:28:39.478" />
                  </kw>
                  <msg timestamp="20210829 07:28:39.479" level="INFO">${customers_data} = [{'rowId': '1', 'firstName': 'John', 'lastName': 'Doe', 'name': 'British Auto Repair', 'email': 'johndoe@barepaire.com', 'mobileNumber': '+44 7700 900662', 'premise': 'Acme House', 'countryCode': 'UK'...</msg>
                  <status status="PASS" starttime="20210829 07:28:38.793" endtime="20210829 07:28:39.479" />
               </kw>
               <kw name="Get Objects From Sheet" library="common">
                  <var>${items_data}</var>
                  <arg>${sheet_id}</arg>
                  <arg>Invoice Items</arg>
                  <kw name="Initialize Spreadsheet" library="GoogleSheetsLibrary">
                     <arg>spreadsheetId=${sheet_id}</arg>
                     <arg>tokenFile=resource/token.pickle</arg>
                     <doc>Initializes the connection to the specified Google Spreadsheet. Takes 2 positional arguments            spreadsheetId and tokenFile.
Sample Usage:
| `Initialize Spreadsheet`   | 1BxiMVs0XRA5nFMdKvBdBZjgmUUqptlbs74OgvE2upms  | ${EXECDIR}/token.pickle   |</doc>
                     <status status="PASS" starttime="20210829 07:28:39.481" endtime="20210829 07:28:39.691" />
                  </kw>
                  <kw name="Fetch Single Range" library="GoogleSheetsLibrary">
                     <var>${content}</var>
                     <arg>${sheet}</arg>
                     <doc>Fetches data from the initialized spreadsheet given the range.
Example:
| `Fetch Single Range`        | Sheets1!A1:D |</doc>
                     <msg timestamp="20210829 07:28:40.179" level="INFO">${content} = {'range': "'Invoice Items'!A1:Z1000", 'majorDimension': 'ROWS', 'values': [['Row #', 'Parent #', 'Item Reference', 'Description', 'Quantity', 'Rate', 'Item Name', 'Item UOM'], ['1', '1', 'itemRef', 'H...</msg>
                     <status status="PASS" starttime="20210829 07:28:39.691" endtime="20210829 07:28:40.179" />
                  </kw>
                  <kw name="Get Objects From Sheet Content" library="common">
                     <var>${list}</var>
[...]
                     </kw>
                     <kw name="Should Be Equal As Integers" library="BuiltIn">
                        <arg>${response.status_code}</arg>
                        <arg>200</arg>
                        <doc>Fails if objects are unequal after converting them to integers.</doc>
                        <msg timestamp="20210829 07:28:48.909" level="INFO">Argument types are:
&lt;class 'int'&gt;
&lt;type 'unicode'&gt;</msg>
                        <status status="PASS" starttime="20210829 07:28:48.908" endtime="20210829 07:28:48.909" />
                     </kw>
                     <kw name="Should Be Equal As Strings" library="BuiltIn">
                        <arg>${response.json()['data']['invoiceId']}</arg>
                        <arg>${invoice_id}</arg>
                        <doc>Fails if objects are unequal after converting them to strings.</doc>
                        <status status="PASS" starttime="20210829 07:28:48.910" endtime="20210829 07:28:48.912" />
                     </kw>
                     <kw name="Set Variable" library="BuiltIn">
                        <var>${invoice}</var>
                        <arg>${response.json()['data']}</arg>
                        <doc>Returns the given values which can then be assigned to a variables.</doc>
                        <msg timestamp="20210829 07:28:48.914" level="INFO">${invoice} = {'bankAccount': {}, 'currency': 'AUD', 'customer': {'id': '79e8ac13-629d-4955-8a0b-85c80ee7f5cd', 'firstName': 'Viet', 'lastName': 'Nguyen', 'name': 'Nguyen', 'contact': {'email': 'quoc@101digital.io'...</msg>
                        <status status="PASS" starttime="20210829 07:28:48.912" endtime="20210829 07:28:48.914" />
                     </kw>
                     <msg timestamp="20210829 07:28:48.915" level="INFO">${created_invoice} = {'bankAccount': {}, 'currency': 'AUD', 'customer': {'id': '79e8ac13-629d-4955-8a0b-85c80ee7f5cd', 'firstName': 'Viet', 'lastName': 'Nguyen', 'name': 'Nguyen', 'contact': {'email': 'quoc@101digital.io'...</msg>
                     <status status="PASS" starttime="20210829 07:28:48.821" endtime="20210829 07:28:48.915" />
                  </kw>
                  <kw name="Convert To Number" library="BuiltIn">
                     <var>${totalAmount}</var>
                     <arg>item=${created_invoice}[totalAmount]</arg>
                     <arg>precision=6</arg>
                     <doc>Converts the given item to a floating point number.</doc>
                     <msg timestamp="20210829 07:28:48.917" level="INFO">${totalAmount} = 1981.0</msg>
                     <status status="PASS" starttime="20210829 07:28:48.916" endtime="20210829 07:28:48.917" />
                  </kw>
                  <kw name="Convert To Number" library="BuiltIn">
                     <var>${expectedAmount}</var>
                     <arg>item=${invoice}[totalAmount]</arg>
                     <arg>precision=6</arg>
                     <doc>Converts the given item to a floating point number.</doc>
                     <msg timestamp="20210829 07:28:48.918" level="INFO">${expectedAmount} = 1981.0</msg>
                     <status status="PASS" starttime="20210829 07:28:48.918" endtime="20210829 07:28:48.918" />
                  </kw>
                  <kw name="Should Be Equal As Numbers" library="BuiltIn">
                     <arg>${totalAmount}</arg>
                     <arg>${expectedAmount}</arg>
                     <arg>msg=Total Amount is not matched</arg>
                     <doc>Fails if objects are unequal after converting them to real numbers.</doc>
                     <status status="PASS" starttime="20210829 07:28:48.919" endtime="20210829 07:28:48.920" />
                  </kw>
                  <status status="PASS" starttime="20210829 07:28:48.618" endtime="20210829 07:28:48.920" />
               </iter>
               <status status="PASS" starttime="20210829 07:28:48.275" endtime="20210829 07:28:48.921" />
            </for>
            <kw name="Set Suite Variable" library="BuiltIn">
               <arg>${created_ids}</arg>
               <arg>${created_ids}</arg>
               <doc>Makes a variable available everywhere within the scope of the current suite.</doc>
               <msg timestamp="20210829 07:28:48.922" level="INFO">${created_ids} = ['bcc92e13-535d-4ebd-8912-468ca682eaeb', 'd00973ff-bcf1-4ed1-8327-eeef3683163f']</msg>
               <status status="PASS" starttime="20210829 07:28:48.921" endtime="20210829 07:28:48.922" />
            </kw>
            <kw name="Log To Console" library="BuiltIn">
               <arg>${created_ids}</arg>
               <doc>Logs the given message to the console.</doc>
               <status status="PASS" starttime="20210829 07:28:48.923" endtime="20210829 07:28:48.923" />
            </kw>
            <tag>invoice-service</tag>
            <status status="PASS" starttime="20210829 07:28:43.314" endtime="20210829 07:28:48.924" />
         </test>
         <test id="s1-s1-t5" name="Test Delete Invoice">
            <kw name="Create Session" library="RequestsLibrary">
               <arg>Delete Invoice</arg>
               <arg>${base_url}</arg>
               <arg>verify=true</arg>
               <doc>Create Session: create a HTTP session to a server</doc>
               <msg timestamp="20210829 07:28:48.935" level="INFO">Creating Session using : alias=Delete Invoice, url=https://sandbox.101digital.io, headers={},                     cookies=None, auth=None, timeout=None, proxies=None, verify=True,                     debug=0</msg>
               <status status="PASS" starttime="20210829 07:28:48.935" endtime="20210829 07:28:48.936" />
            </kw>
            <kw name="Create Dictionary" library="BuiltIn">
               <var>${headers}</var>
               <arg>Authorization=Bearer ${access_token}</arg>
               <arg>Content-Type=application/json</arg>
               <arg>Accept=application/json</arg>
               <arg>Operation-Mode=SYNC</arg>
               <doc>Creates and returns a dictionary based on the given ``items``.</doc>
               <msg timestamp="20210829 07:28:48.937" level="INFO">${headers} = {'Authorization': 'Bearer e43900ca-16ff-3cde-a66f-62a686dcef14', 'Content-Type': 'application/json', 'Accept': 'application/json', 'Operation-Mode': 'SYNC'}</msg>
               <status status="PASS" starttime="20210829 07:28:48.936" endtime="20210829 07:28:48.937" />
            </kw>
            <for flavor="IN">
               <var>${invoice_id}</var>
               <value>@{created_ids}</value>
               <iter>
                  <var name="${invoice_id}">bcc92e13-535d-4ebd-8912-468ca682eaeb</var>
                  <kw name="Delete Request" library="RequestsLibrary">
                     <var>${response}</var>
                     <arg>Delete Invoice</arg>
                     <arg>uri=/${invoice_service_uri}/${invoice_id}</arg>
                     <arg>headers=${headers}</arg>
                     <doc>Send a DELETE request on the session object found using the
given `alias`</doc>
                     <msg timestamp="20210829 07:28:49.123" level="INFO">Delete Request using : alias=Delete Invoice, uri=/invoice-service/2.0.0/invoices/bcc92e13-535d-4ebd-8912-468ca682eaeb, data=None,                     headers={'Authorization': 'Bearer e43900ca-16ff-3cde-a66f-62a686dcef14', 'Content-Type': 'application/json', 'Accept': 'application/json', 'Operation-Mode': 'SYNC'}, allow_redirects=True</msg>
                     <msg timestamp="20210829 07:28:49.123" level="INFO">${response} = &lt;Response [204]&gt;</msg>
                     <status status="PASS" starttime="20210829 07:28:48.939" endtime="20210829 07:28:49.123" />
                  </kw>
                  <kw name="Should Be Equal As Integers" library="BuiltIn">
                     <arg>${response.status_code}</arg>
                     <arg>204</arg>
                     <doc>Fails if objects are unequal after converting them to integers.</doc>
                     <msg timestamp="20210829 07:28:49.126" level="INFO">Argument types are:
&lt;class 'int'&gt;
&lt;type 'unicode'&gt;</msg>
                     <status status="PASS" starttime="20210829 07:28:49.125" endtime="20210829 07:28:49.126" />
                  </kw>
                  <kw name="Get Deleted Invoice Should Return 404 And Correct Error Message">
                     <arg>${invoice_id}</arg>
                     <kw name="Create Session" library="RequestsLibrary">
                        <arg>Get Invoice</arg>
                        <arg>${base_url}</arg>
                        <arg>verify=true</arg>
                        <doc>Create Session: create a HTTP session to a server</doc>
                        <msg timestamp="20210829 07:28:49.129" level="INFO">Creating Session using : alias=Get Invoice, url=https://sandbox.101digital.io, headers={},                     cookies=None, auth=None, timeout=None, proxies=None, verify=True,                     debug=0</msg>
                        <status status="PASS" starttime="20210829 07:28:49.128" endtime="20210829 07:28:49.130" />
                     </kw>
                     <kw name="Create Dictionary" library="BuiltIn">
                        <var>${headers}</var>
                        <arg>Authorization=Bearer ${access_token}</arg>
                        <arg>Content-Type=application/json</arg>
                        <arg>Accept=application/json</arg>
                        <arg>Operation-Mode=SYNC</arg>
                        <doc>Creates and returns a dictionary based on the given ``items``.</doc>
                        <msg timestamp="20210829 07:28:49.133" level="INFO">${headers} = {'Authorization': 'Bearer e43900ca-16ff-3cde-a66f-62a686dcef14', 'Content-Type': 'application/json', 'Accept': 'application/json', 'Operation-Mode': 'SYNC'}</msg>
                        <status status="PASS" starttime="20210829 07:28:49.131" endtime="20210829 07:28:49.133" />
                     </kw>
                     <kw name="Get Request" library="RequestsLibrary">
                        <var>${response}</var>
                        <arg>Get Invoice</arg>
                        <arg>uri=/${invoice_service_uri}/${invoice_id}</arg>
                        <arg>headers=${headers}</arg>
                        <doc>Send a GET request on the session object found using the
given `alias`</doc>
                        <msg timestamp="20210829 07:28:49.180" level="INFO">Get Request using : alias=Get Invoice, uri=/invoice-service/2.0.0/invoices/bcc92e13-535d-4ebd-8912-468ca682eaeb, headers={'Authorization': 'Bearer e43900ca-16ff-3cde-a66f-62a686dcef14', 'Content-Type': 'application/json', 'Accept': 'application/json', 'Operation-Mode': 'SYNC'} json=None</msg>
                        <msg timestamp="20210829 07:28:49.181" level="INFO">${response} = &lt;Response [404]&gt;</msg>
                        <status status="PASS" starttime="20210829 07:28:49.134" endtime="20210829 07:28:49.181" />
                     </kw>
                     <kw name="Should Be Equal As Integers" library="BuiltIn">
                        <arg>${response.status_code}</arg>
                        <arg>404</arg>
                        <doc>Fails if objects are unequal after converting them to integers.</doc>
                        <msg timestamp="20210829 07:28:49.184" level="INFO">Argument types are:
&lt;class 'int'&gt;
&lt;type 'unicode'&gt;</msg>
                        <status status="PASS" starttime="20210829 07:28:49.182" endtime="20210829 07:28:49.184" />
                     </kw>
                     <kw name="Should Be Equal As Strings" library="BuiltIn">
                        <arg>${response.json()['errors'][0]['code']}</arg>
                        <arg>007.01.404.01</arg>
                        <doc>Fails if objects are unequal after converting them to strings.</doc>
                        <status status="PASS" starttime="20210829 07:28:49.185" endtime="20210829 07:28:49.187" />
                     </kw>
                     <kw name="Should Be Equal As Strings" library="BuiltIn">
                        <arg>${response.json()['errors'][0]['message']}</arg>
                        <arg>Resource not found</arg>
                        <doc>Fails if objects are unequal after converting them to strings.</doc>
                        <status status="PASS" starttime="20210829 07:28:49.187" endtime="20210829 07:28:49.189" />
                     </kw>
                     <status status="PASS" starttime="20210829 07:28:49.127" endtime="20210829 07:28:49.190" />
                  </kw>
                  <status status="PASS" starttime="20210829 07:28:48.938" endtime="20210829 07:28:49.190" />
               </iter>
               <iter>
                  <var name="${invoice_id}">d00973ff-bcf1-4ed1-8327-eeef3683163f</var>
                  <kw name="Delete Request" library="RequestsLibrary">
                     <var>${response}</var>
                     <arg>Delete Invoice</arg>
                     <arg>uri=/${invoice_service_uri}/${invoice_id}</arg>
                     <arg>headers=${headers}</arg>
                     <doc>Send a DELETE request on the session object found using the
given `alias`</doc>
                     <msg timestamp="20210829 07:28:49.394" level="INFO">Delete Request using : alias=Delete Invoice, uri=/invoice-service/2.0.0/invoices/d00973ff-bcf1-4ed1-8327-eeef3683163f, data=None,                     headers={'Authorization': 'Bearer e43900ca-16ff-3cde-a66f-62a686dcef14', 'Content-Type': 'application/json', 'Accept': 'application/json', 'Operation-Mode': 'SYNC'}, allow_redirects=True</msg>
                     <msg timestamp="20210829 07:28:49.394" level="INFO">${response} = &lt;Response [204]&gt;</msg>
                     <status status="PASS" starttime="20210829 07:28:49.191" endtime="20210829 07:28:49.394" />
                  </kw>
                  <kw name="Should Be Equal As Integers" library="BuiltIn">
                     <arg>${response.status_code}</arg>
                     <arg>204</arg>
                     <doc>Fails if objects are unequal after converting them to integers.</doc>
                     <msg timestamp="20210829 07:28:49.397" level="INFO">Argument types are:
&lt;class 'int'&gt;
&lt;type 'unicode'&gt;</msg>
                     <status status="PASS" starttime="20210829 07:28:49.395" endtime="20210829 07:28:49.397" />
                  </kw>
                  <kw name="Get Deleted Invoice Should Return 404 And Correct Error Message">
                     <arg>${invoice_id}</arg>
                     <kw name="Create Session" library="RequestsLibrary">
                        <arg>Get Invoice</arg>
                        <arg>${base_url}</arg>
                        <arg>verify=true</arg>
                        <doc>Create Session: create a HTTP session to a server</doc>
                        <msg timestamp="20210829 07:28:49.399" level="INFO">Creating Session using : alias=Get Invoice, url=https://sandbox.101digital.io, headers={},                     cookies=None, auth=None, timeout=None, proxies=None, verify=True,                     debug=0</msg>
                        <status status="PASS" starttime="20210829 07:28:49.398" endtime="20210829 07:28:49.399" />
                     </kw>
                     <kw name="Create Dictionary" library="BuiltIn">
                        <var>${headers}</var>
                        <arg>Authorization=Bearer ${access_token}</arg>
                        <arg>Content-Type=application/json</arg>
                        <arg>Accept=application/json</arg>
                        <arg>Operation-Mode=SYNC</arg>
                        <doc>Creates and returns a dictionary based on the given ``items``.</doc>
                        <msg timestamp="20210829 07:28:49.401" level="INFO">${headers} = {'Authorization': 'Bearer e43900ca-16ff-3cde-a66f-62a686dcef14', 'Content-Type': 'application/json', 'Accept': 'application/json', 'Operation-Mode': 'SYNC'}</msg>
                        <status status="PASS" starttime="20210829 07:28:49.400" endtime="20210829 07:28:49.401" />
                     </kw>
                     <kw name="Get Request" library="RequestsLibrary">
                        <var>${response}</var>
                        <arg>Get Invoice</arg>
                        <arg>uri=/${invoice_service_uri}/${invoice_id}</arg>
                        <arg>headers=${headers}</arg>
                        <doc>Send a GET request on the session object found using the
given `alias`</doc>
                        <msg timestamp="20210829 07:28:49.438" level="INFO">Get Request using : alias=Get Invoice, uri=/invoice-service/2.0.0/invoices/d00973ff-bcf1-4ed1-8327-eeef3683163f, headers={'Authorization': 'Bearer e43900ca-16ff-3cde-a66f-62a686dcef14', 'Content-Type': 'application/json', 'Accept': 'application/json', 'Operation-Mode': 'SYNC'} json=None</msg>
                        <msg timestamp="20210829 07:28:49.438" level="INFO">${response} = &lt;Response [404]&gt;</msg>
                        <status status="PASS" starttime="20210829 07:28:49.402" endtime="20210829 07:28:49.438" />
                     </kw>
                     <kw name="Should Be Equal As Integers" library="BuiltIn">
                        <arg>${response.status_code}</arg>
                        <arg>404</arg>
                        <doc>Fails if objects are unequal after converting them to integers.</doc>
                        <msg timestamp="20210829 07:28:49.441" level="INFO">Argument types are:
&lt;class 'int'&gt;
&lt;type 'unicode'&gt;</msg>
                        <status status="PASS" starttime="20210829 07:28:49.439" endtime="20210829 07:28:49.441" />
                     </kw>
                     <kw name="Should Be Equal As Strings" library="BuiltIn">
                        <arg>${response.json()['errors'][0]['code']}</arg>
                        <arg>007.01.404.01</arg>
                        <doc>Fails if objects are unequal after converting them to strings.</doc>
                        <status status="PASS" starttime="20210829 07:28:49.442" endtime="20210829 07:28:49.445" />
                     </kw>
                     <kw name="Should Be Equal As Strings" library="BuiltIn">
                        <arg>${response.json()['errors'][0]['message']}</arg>
                        <arg>Resource not found</arg>
                        <doc>Fails if objects are unequal after converting them to strings.</doc>
                        <status status="PASS" starttime="20210829 07:28:49.446" endtime="20210829 07:28:49.447" />
                     </kw>
                     <status status="PASS" starttime="20210829 07:28:49.398" endtime="20210829 07:28:49.448" />
                  </kw>
                  <status status="PASS" starttime="20210829 07:28:49.191" endtime="20210829 07:28:49.448" />
               </iter>
               <status status="PASS" starttime="20210829 07:28:48.938" endtime="20210829 07:28:49.449" />
            </for>
            <tag>invoice-service</tag>
            <status status="PASS" starttime="20210829 07:28:48.934" endtime="20210829 07:28:49.449" />
         </test>
         <status status="PASS" starttime="20210829 07:28:37.430" endtime="20210829 07:28:49.459" />
      </suite>
      <status status="PASS" starttime="20210829 07:28:37.399" endtime="20210829 07:28:49.616" />
   </suite>
   <statistics>
      <total>
         <stat pass="5" fail="0" skip="0">All Tests</stat>
      </total>
      <tag>
         <stat pass="5" fail="0" skip="0">invoice-service</stat>
      </tag>
      <suite>
         <stat pass="5" fail="0" skip="0" id="s1" name="Invoice-Service">Invoice-Service</stat>
         <stat pass="5" fail="0" skip="0" id="s1-s1" name="TC 001 Invoice CRUD">Invoice-Service.TC 001 Invoice CRUD</stat>
      </suite>
   </statistics>
   <errors />
</robot>